app/build/outputs/logs/manifest-merger-debug-report.txt
-- Merging decision tree log ---
manifest
ADDED from src\main\AndroidManifest.xml:2:1-246:12
	package
		ADDED from src\main\AndroidManifest.xml:3:5-26
		INJECTED from src\main\AndroidManifest.xml
		INJECTED from src\main\AndroidManifest.xml
	xmlns:android
		ADDED from src\main\AndroidManifest.xml:2:11-69
uses-permission#android.permission.WRITE_SETTINGS
ADDED from src\main\AndroidManifest.xml:5:5-73
	android:name
		ADDED from src\main\AndroidManifest.xml:5:22-70
uses-permission#android.permission.VIBRATE
ADDED from src\main\AndroidManifest.xml:6:5-65
	android:name
		ADDED from src\main\AndroidManifest.xml:6:22-63
uses-permission#android.permission.READ_EXTERNAL_STORAGE
ADDED from src\main\AndroidManifest.xml:7:5-80
	android:name
		ADDED from src\main\AndroidManifest.xml:7:22-77
uses-permission#android.permission.WRITE_EXTERNAL_STORAGE
ADDED from src\main\AndroidManifest.xml:8:5-80
	android:name
		ADDED from src\main\AndroidManifest.xml:8:22-78
uses-permission#android.permission.INTERNET
ADDED from src\main\AndroidManifest.xml:9:5-66
	android:name
		ADDED from src\main\AndroidManifest.xml:9:22-64
application
ADDED from src\main\AndroidManifest.xml:11:5-244:19
MERGED from [com.android.support:appcompat-v7:23.1.0] AndroidManifest.xml:22:5-20
MERGED from [com.android.support:support-v4:23.1.0] AndroidManifest.xml:22:5-20
	android:label
		ADDED from src\main\AndroidManifest.xml:14:9-41
	android:allowBackup
		ADDED from src\main\AndroidManifest.xml:12:9-35
	android:icon
		ADDED from src\main\AndroidManifest.xml:13:9-45
	android:theme
		ADDED from src\main\AndroidManifest.xml:15:9-44
activity#game.Typing.SetIpAndId
ADDED from src\main\AndroidManifest.xml:16:10-28:20
	android:screenOrientation
		ADDED from src\main\AndroidManifest.xml:21:13-49
	android:label
		ADDED from src\main\AndroidManifest.xml:19:13-45
	android:noHistory
		ADDED from src\main\AndroidManifest.xml:20:13-37
	android:configChanges
		ADDED from src\main\AndroidManifest.xml:18:13-48
	android:name
		ADDED from src\main\AndroidManifest.xml:17:13-50
intent-filter#android.intent.action.MAIN+android.intent.category.LAUNCHER
ADDED from src\main\AndroidManifest.xml:23:13-27:29
action#android.intent.action.MAIN
ADDED from src\main\AndroidManifest.xml:24:17-69
	android:name
		ADDED from src\main\AndroidManifest.xml:24:25-66
category#android.intent.category.LAUNCHER
ADDED from src\main\AndroidManifest.xml:26:17-77
	android:name
		ADDED from src\main\AndroidManifest.xml:26:27-74
activity#game.Typing.Firstscreen
ADDED from src\main\AndroidManifest.xml:29:10-40:20
	android:screenOrientation
		ADDED from src\main\AndroidManifest.xml:33:13-49
	android:label
		ADDED from src\main\AndroidManifest.xml:32:13-45
	android:configChanges
		ADDED from src\main\AndroidManifest.xml:31:13-48
	android:name
		ADDED from src\main\AndroidManifest.xml:30:13-51
intent-filter#android.intent.category.DEFAULT+game.MarathiUT.FIRSTSCREEN
ADDED from src\main\AndroidManifest.xml:35:13-39:29
action#game.MarathiUT.FIRSTSCREEN
ADDED from src\main\AndroidManifest.xml:36:17-69
	android:name
		ADDED from src\main\AndroidManifest.xml:36:25-66
category#android.intent.category.DEFAULT
ADDED from src\main\AndroidManifest.xml:38:17-76
	android:name
		ADDED from src\main\AndroidManifest.xml:38:27-73
activity#game.Typing.SchoolSelection
ADDED from src\main\AndroidManifest.xml:41:10-53:20
	android:screenOrientation
		ADDED from src\main\AndroidManifest.xml:45:13-49
	android:label
		ADDED from src\main\AndroidManifest.xml:44:13-45
	android:configChanges
		ADDED from src\main\AndroidManifest.xml:43:13-48
	android:name
		ADDED from src\main\AndroidManifest.xml:42:13-55
intent-filter#android.intent.category.DEFAULT+game.MarathiUT.SCHOOLSELECTION
ADDED from src\main\AndroidManifest.xml:48:13-52:29
action#game.MarathiUT.SCHOOLSELECTION
ADDED from src\main\AndroidManifest.xml:49:17-73
	android:name
		ADDED from src\main\AndroidManifest.xml:49:25-70
activity#game.Typing.Login
ADDED from src\main\AndroidManifest.xml:54:9-71:20
	android:screenOrientation
		ADDED from src\main\AndroidManifest.xml:60:13-49
	android:label
		ADDED from src\main\AndroidManifest.xml:57:13-57
	android:parentActivityName
		ADDED from src\main\AndroidManifest.xml:59:13-65
	android:noHistory
		ADDED from src\main\AndroidManifest.xml:58:13-37
	android:configChanges
		ADDED from src\main\AndroidManifest.xml:56:13-48
	android:name
		ADDED from src\main\AndroidManifest.xml:55:13-45
meta-data#android.support.PARENT_ACTIVITY
ADDED from src\main\AndroidManifest.xml:62:13-64:59
	android:value
		ADDED from src\main\AndroidManifest.xml:64:17-56
	android:name
		ADDED from src\main\AndroidManifest.xml:63:17-63
intent-filter#android.intent.category.DEFAULT+game.MarathiUT.LOGIN
ADDED from src\main\AndroidManifest.xml:66:13-70:29
action#game.MarathiUT.LOGIN
ADDED from src\main\AndroidManifest.xml:67:17-63
	android:name
		ADDED from src\main\AndroidManifest.xml:67:25-60
activity#game.Typing.Register
ADDED from src\main\AndroidManifest.xml:72:9-89:20
	android:screenOrientation
		ADDED from src\main\AndroidManifest.xml:78:13-49
	android:label
		ADDED from src\main\AndroidManifest.xml:75:13-60
	android:parentActivityName
		ADDED from src\main\AndroidManifest.xml:77:13-65
	android:noHistory
		ADDED from src\main\AndroidManifest.xml:76:13-37
	android:configChanges
		ADDED from src\main\AndroidManifest.xml:74:13-48
	android:name
		ADDED from src\main\AndroidManifest.xml:73:13-48
intent-filter#android.intent.category.DEFAULT+game.MarathiUT.REGISTER
ADDED from src\main\AndroidManifest.xml:84:13-88:29
action#game.MarathiUT.REGISTER
ADDED from src\main\AndroidManifest.xml:85:17-66
	android:name
		ADDED from src\main\AndroidManifest.xml:85:25-63
activity#game.Typing.Session
ADDED from src\main\AndroidManifest.xml:90:9-107:20
	android:screenOrientation
		ADDED from src\main\AndroidManifest.xml:96:13-49
	android:label
		ADDED from src\main\AndroidManifest.xml:93:13-59
	android:parentActivityName
		ADDED from src\main\AndroidManifest.xml:95:13-65
	android:noHistory
		ADDED from src\main\AndroidManifest.xml:94:13-37
	android:configChanges
		ADDED from src\main\AndroidManifest.xml:92:13-48
	android:name
		ADDED from src\main\AndroidManifest.xml:91:13-47
intent-filter#android.intent.category.DEFAULT+game.MarathiUT.SESSION
ADDED from src\main\AndroidManifest.xml:102:13-106:29
action#game.MarathiUT.SESSION
ADDED from src\main\AndroidManifest.xml:103:17-65
	android:name
		ADDED from src\main\AndroidManifest.xml:103:25-62
activity#game.Typing.sessiondetails
ADDED from src\main\AndroidManifest.xml:108:9-122:20
	android:screenOrientation
		ADDED from src\main\AndroidManifest.xml:113:13-49
	android:label
		ADDED from src\main\AndroidManifest.xml:111:13-66
	android:parentActivityName
		ADDED from src\main\AndroidManifest.xml:112:13-65
	android:configChanges
		ADDED from src\main\AndroidManifest.xml:110:13-48
	android:name
		ADDED from src\main\AndroidManifest.xml:109:13-54
intent-filter#android.intent.category.DEFAULT+game.MarathiUT.sessiondetails
ADDED from src\main\AndroidManifest.xml:117:13-121:29
action#game.MarathiUT.sessiondetails
ADDED from src\main\AndroidManifest.xml:118:17-72
	android:name
		ADDED from src\main\AndroidManifest.xml:118:25-69
activity#game.Typing.Type
ADDED from src\main\AndroidManifest.xml:123:9-138:20
	android:screenOrientation
		ADDED from src\main\AndroidManifest.xml:129:13-49
	android:label
		ADDED from src\main\AndroidManifest.xml:126:13-56
	android:parentActivityName
		ADDED from src\main\AndroidManifest.xml:128:13-61
	android:configChanges
		ADDED from src\main\AndroidManifest.xml:125:13-48
	android:name
		ADDED from src\main\AndroidManifest.xml:124:13-44
intent-filter#android.intent.category.DEFAULT+game.MarathiUT.TYPE
ADDED from src\main\AndroidManifest.xml:133:13-137:29
action#game.MarathiUT.TYPE
ADDED from src\main\AndroidManifest.xml:134:17-62
	android:name
		ADDED from src\main\AndroidManifest.xml:134:25-59
activity#game.Typing.Training
ADDED from src\main\AndroidManifest.xml:139:10-157:20
	android:screenOrientation
		ADDED from src\main\AndroidManifest.xml:146:13-49
	android:label
		ADDED from src\main\AndroidManifest.xml:142:13-60
	android:parentActivityName
		ADDED from src\main\AndroidManifest.xml:145:14-62
	android:noHistory
		ADDED from src\main\AndroidManifest.xml:143:13-37
	android:windowSoftInputMode
		ADDED from src\main\AndroidManifest.xml:147:13-55
	android:configChanges
		ADDED from src\main\AndroidManifest.xml:141:13-48
	android:theme
		ADDED from src\main\AndroidManifest.xml:144:14-73
	android:name
		ADDED from src\main\AndroidManifest.xml:140:13-48
intent-filter#android.intent.category.DEFAULT+game.MarathiUT.TRAINING
ADDED from src\main\AndroidManifest.xml:152:13-156:29
action#game.MarathiUT.TRAINING
ADDED from src\main\AndroidManifest.xml:153:17-66
	android:name
		ADDED from src\main\AndroidManifest.xml:153:25-63
activity#game.Typing.FTU
ADDED from src\main\AndroidManifest.xml:158:9-176:20
	android:screenOrientation
		ADDED from src\main\AndroidManifest.xml:165:13-49
	android:label
		ADDED from src\main\AndroidManifest.xml:162:13-55
	android:parentActivityName
		ADDED from src\main\AndroidManifest.xml:164:13-61
	android:noHistory
		ADDED from src\main\AndroidManifest.xml:163:13-37
	android:windowSoftInputMode
		ADDED from src\main\AndroidManifest.xml:166:13-55
	android:configChanges
		ADDED from src\main\AndroidManifest.xml:161:13-48
	android:theme
		ADDED from src\main\AndroidManifest.xml:160:13-72
	android:name
		ADDED from src\main\AndroidManifest.xml:159:13-43
intent-filter#android.intent.category.DEFAULT+game.MarathiUT.FTU
ADDED from src\main\AndroidManifest.xml:171:13-175:29
action#game.MarathiUT.FTU
ADDED from src\main\AndroidManifest.xml:172:17-61
	android:name
		ADDED from src\main\AndroidManifest.xml:172:25-58
activity#game.Typing.Longitudinal
ADDED from src\main\AndroidManifest.xml:177:10-194:20
	android:screenOrientation
		ADDED from src\main\AndroidManifest.xml:184:13-49
	android:label
		ADDED from src\main\AndroidManifest.xml:180:13-55
	android:parentActivityName
		ADDED from src\main\AndroidManifest.xml:183:13-61
	android:noHistory
		ADDED from src\main\AndroidManifest.xml:182:13-37
	android:windowSoftInputMode
		ADDED from src\main\AndroidManifest.xml:185:13-55
	android:configChanges
		ADDED from src\main\AndroidManifest.xml:179:13-48
	android:theme
		ADDED from src\main\AndroidManifest.xml:181:14-73
	android:name
		ADDED from src\main\AndroidManifest.xml:178:13-52
intent-filter#android.intent.category.DEFAULT+game.MarathiUT.LONGITUDINAL
ADDED from src\main\AndroidManifest.xml:189:13-193:29
action#game.MarathiUT.LONGITUDINAL
ADDED from src\main\AndroidManifest.xml:190:17-70
	android:name
		ADDED from src\main\AndroidManifest.xml:190:25-67
activity#game.Typing.Explore
ADDED from src\main\AndroidManifest.xml:195:10-211:20
	android:screenOrientation
		ADDED from src\main\AndroidManifest.xml:201:13-49
	android:label
		ADDED from src\main\AndroidManifest.xml:199:13-59
	android:parentActivityName
		ADDED from src\main\AndroidManifest.xml:200:13-61
	android:windowSoftInputMode
		ADDED from src\main\AndroidManifest.xml:202:13-55
	android:configChanges
		ADDED from src\main\AndroidManifest.xml:197:13-48
	android:theme
		ADDED from src\main\AndroidManifest.xml:198:14-73
	android:name
		ADDED from src\main\AndroidManifest.xml:196:13-47
intent-filter#android.intent.category.DEFAULT+game.MarathiUT.EXPLORE
ADDED from src\main\AndroidManifest.xml:206:13-210:29
action#game.MarathiUT.EXPLORE
ADDED from src\main\AndroidManifest.xml:207:17-65
	android:name
		ADDED from src\main\AndroidManifest.xml:207:25-62
activity#game.Typing.SessionFeedback
ADDED from src\main\AndroidManifest.xml:212:9-227:20
	android:screenOrientation
		ADDED from src\main\AndroidManifest.xml:218:13-49
	android:label
		ADDED from src\main\AndroidManifest.xml:215:13-68
	android:parentActivityName
		ADDED from src\main\AndroidManifest.xml:217:13-61
	android:noHistory
		ADDED from src\main\AndroidManifest.xml:216:14-38
	android:configChanges
		ADDED from src\main\AndroidManifest.xml:214:13-48
	android:name
		ADDED from src\main\AndroidManifest.xml:213:13-55
intent-filter#android.intent.category.DEFAULT+game.MarathiUT.SESSIONFEEDBACK
ADDED from src\main\AndroidManifest.xml:222:13-226:29
action#game.MarathiUT.SESSIONFEEDBACK
ADDED from src\main\AndroidManifest.xml:223:17-73
	android:name
		ADDED from src\main\AndroidManifest.xml:223:25-70
activity#game.Typing.Gamification
ADDED from src\main\AndroidManifest.xml:228:9-243:20
	android:screenOrientation
		ADDED from src\main\AndroidManifest.xml:234:13-49
	android:label
		ADDED from src\main\AndroidManifest.xml:231:13-69
	android:parentActivityName
		ADDED from src\main\AndroidManifest.xml:233:13-61
	android:noHistory
		ADDED from src\main\AndroidManifest.xml:232:13-37
	android:configChanges
		ADDED from src\main\AndroidManifest.xml:230:13-48
	android:name
		ADDED from src\main\AndroidManifest.xml:229:13-52
intent-filter#android.intent.category.DEFAULT+game.MarathiUT.GAMIFICATION
ADDED from src\main\AndroidManifest.xml:238:13-242:29
action#game.MarathiUT.GAMIFICATION
ADDED from src\main\AndroidManifest.xml:239:17-70
	android:name
		ADDED from src\main\AndroidManifest.xml:239:25-67
uses-sdk
INJECTED from src\main\AndroidManifest.xml reason: use-sdk injection requested
MERGED from [com.android.support:appcompat-v7:23.1.0] AndroidManifest.xml:20:5-43
MERGED from [com.android.support:support-v4:23.1.0] AndroidManifest.xml:20:5-43
	android:targetSdkVersion
		INJECTED from src\main\AndroidManifest.xml
		INJECTED from src\main\AndroidManifest.xml
	android:minSdkVersion
		INJECTED from src\main\AndroidManifest.xml
		INJECTED from src\main\AndroidManifest.xml